0 info it worked if it ends with ok
1 verbose cli [ 'node', '/usr/local/bin/npm', 'start' ]
2 info using npm@3.8.5
3 info using node@v0.10.25
4 verbose node symlink /usr/bin/node
5 verbose run-script [ 'prestart', 'start', 'poststart' ]
6 info lifecycle angular2-authentication-sample@0.0.1~prestart: angular2-authentication-sample@0.0.1
7 silly lifecycle angular2-authentication-sample@0.0.1~prestart: no script for prestart, continuing
8 info lifecycle angular2-authentication-sample@0.0.1~start: angular2-authentication-sample@0.0.1
9 verbose lifecycle angular2-authentication-sample@0.0.1~start: unsafe-perm in lifecycle true
10 verbose lifecycle angular2-authentication-sample@0.0.1~start: PATH: /usr/local/lib/node_modules/npm/bin/node-gyp-bin:/home/janice/cloud/frontEnd/node_modules/.bin:/usr/bin:/usr/local/sbin:/usr/local/bin:/usr/sbin:/usr/bin:/sbin:/bin:/usr/games:/usr/local/games:/usr/local/hadoop/bin:/usr/local/hadoop/sbin
11 verbose lifecycle angular2-authentication-sample@0.0.1~start: CWD: /home/janice/cloud/frontEnd
12 silly lifecycle angular2-authentication-sample@0.0.1~start: Args: [ '-c', 'npm run front' ]
13 silly lifecycle angular2-authentication-sample@0.0.1~start: Returned: code: 1  signal: null
14 info lifecycle angular2-authentication-sample@0.0.1~start: Failed to exec start script
15 verbose stack Error: angular2-authentication-sample@0.0.1 start: `npm run front`
15 verbose stack Exit status 1
15 verbose stack     at EventEmitter.<anonymous> (/usr/local/lib/node_modules/npm/lib/utils/lifecycle.js:239:16)
15 verbose stack     at EventEmitter.emit (events.js:98:17)
15 verbose stack     at ChildProcess.<anonymous> (/usr/local/lib/node_modules/npm/lib/utils/spawn.js:24:14)
15 verbose stack     at ChildProcess.EventEmitter.emit (events.js:98:17)
15 verbose stack     at maybeClose (child_process.js:743:16)
15 verbose stack     at Process.ChildProcess._handle.onexit (child_process.js:810:5)
16 verbose pkgid angular2-authentication-sample@0.0.1
17 verbose cwd /home/janice/cloud/frontEnd
18 error Linux 4.2.0-16-generic
19 error argv "node" "/usr/local/bin/npm" "start"
20 error node v0.10.25
21 error npm  v3.8.5
22 error code ELIFECYCLE
23 error angular2-authentication-sample@0.0.1 start: `npm run front`
23 error Exit status 1
24 error Failed at the angular2-authentication-sample@0.0.1 start script 'npm run front'.
24 error Make sure you have the latest version of node.js and npm installed.
24 error If you do, this is most likely a problem with the angular2-authentication-sample package,
24 error not with npm itself.
24 error Tell the author that this fails on your system:
24 error     npm run front
24 error You can get information on how to open an issue for this project with:
24 error     npm bugs angular2-authentication-sample
24 error Or if that isn't available, you can get their info via:
24 error     npm owner ls angular2-authentication-sample
24 error There is likely additional logging output above.
25 verbose exit [ 1, true ]
